[08/25/2022 12:32:31] Debug: Session id: 4362b0fc-9950-4204-b8c7-5b3903a6f6ac
[08/25/2022 12:32:31] Debug: Code Processor information: Name :SnowConvert, Version: 7.11.102.0
[08/25/2022 12:32:32] Debug: Getting license
[08/25/2022 12:32:32] Debug: License information
	Status: Failed
	Message: No active license available.
[08/25/2022 12:32:32] Info: Starting to validate parameters
[08/25/2022 12:32:32] Info: Parameters to validate: 
	Execution mode: Conversion
	LICENSE_KEY: a3372138-b87e-4a08-b929-3b48b24c63f1
[08/25/2022 12:32:32] Info: Validation of parameters: Success
[08/25/2022 12:32:32] Debug: Getting code descriptor
[08/25/2022 12:32:32] Debug: Code descriptor information
	Units: 51
	Units type: LOC
	All file bytes: 2141
	All found extensions: .sql,.dml,.ddl,.bteq,.btq,.fl,.fload,.ml,.mload,.mld,.tp,.tpump,.tpt
[08/25/2022 12:32:32] Debug: Calculating fingerprint
[08/25/2022 12:32:32] Debug: Fingerprint information Fingerprint(size=2141,projects=1)
[08/25/2022 12:32:32] Info: Starting to try to validate online license for execution
[08/25/2022 12:32:33] Debug: Getting license
[08/25/2022 12:32:33] Debug: License information
	Status: Failed
	Message: No active license available.
[08/25/2022 12:32:33] Debug: Starting the execution of the controller
[08/25/2022 12:32:34] Debug: Executing the worker: SnowConvert
[08/25/2022 12:32:46] Debug: Finished executing the worker: SnowConvert
[08/25/2022 12:32:48] Info: Controller execution ended
